02/05/2022 10:45:13 AM: INFO: ****************** Test_001_Login ******************** 
02/05/2022 10:45:13 AM: INFO: ****************** Verifying title test  ******************** 
02/05/2022 10:45:14 AM: INFO: ****************** Passed title test ******************** 
02/05/2022 10:45:18 AM: INFO: ****************** Verifying login test  ******************** 
02/05/2022 10:45:22 AM: INFO: ****************** Passed login test  ******************** 
02/05/2022 10:47:17 AM: INFO: ****************** Test_001_Login ******************** 
02/05/2022 10:47:17 AM: INFO: ****************** Verifying title test  ******************** 
02/05/2022 10:47:40 AM: INFO: ****************** Passed title test ******************** 
02/05/2022 10:47:43 AM: INFO: ****************** Verifying login test  ******************** 
02/05/2022 10:47:50 AM: ERROR: ****************** Failed login test  ******************** 
02/05/2022 10:48:16 AM: INFO: ****************** Test_001_Login ******************** 
02/05/2022 10:48:16 AM: INFO: ****************** Verifying title test  ******************** 
02/05/2022 10:48:17 AM: INFO: ****************** Passed title test ******************** 
02/05/2022 10:48:21 AM: INFO: ****************** Verifying login test  ******************** 
02/05/2022 10:48:25 AM: INFO: ****************** Passed login test  ******************** 
02/05/2022 10:57:21 AM: INFO: ****************** Test_001_Login ******************** 
02/05/2022 10:57:21 AM: INFO: ****************** Verifying title test  ******************** 
02/05/2022 10:57:23 AM: INFO: ****************** Passed title test ******************** 
02/05/2022 10:57:24 AM: INFO: ****************** Verifying login test  ******************** 
02/05/2022 10:57:28 AM: INFO: ****************** Passed login test  ******************** 
02/05/2022 10:57:38 AM: INFO: ****************** Test_001_Login ******************** 
02/05/2022 10:57:38 AM: INFO: ****************** Verifying title test  ******************** 
02/05/2022 10:57:39 AM: INFO: ****************** Passed title test ******************** 
02/05/2022 10:57:43 AM: INFO: ****************** Verifying login test  ******************** 
02/05/2022 10:57:46 AM: INFO: ****************** Passed login test  ******************** 
02/05/2022 10:57:58 AM: INFO: ****************** Test_001_Login ******************** 
02/05/2022 10:57:58 AM: INFO: ****************** Verifying title test  ******************** 
02/05/2022 10:57:59 AM: INFO: ****************** Passed title test ******************** 
02/05/2022 10:58:00 AM: INFO: ****************** Verifying login test  ******************** 
02/05/2022 10:58:04 AM: INFO: ****************** Passed login test  ******************** 
02/05/2022 10:58:10 AM: INFO: ****************** Test_001_Login ******************** 
02/05/2022 10:58:10 AM: INFO: ****************** Verifying title test  ******************** 
02/05/2022 10:58:11 AM: INFO: ****************** Passed title test ******************** 
02/05/2022 10:58:15 AM: INFO: ****************** Verifying login test  ******************** 
02/05/2022 10:58:19 AM: INFO: ****************** Passed login test  ******************** 
02/05/2022 11:02:54 AM: INFO: ****************** Verifying login test  ******************** 
02/05/2022 11:02:55 AM: INFO: ****************** Test_001_Login ******************** 
02/05/2022 11:02:55 AM: INFO: ****************** Verifying title test  ******************** 
02/05/2022 11:02:56 AM: INFO: ****************** Passed title test ******************** 
02/05/2022 11:02:58 AM: INFO: ****************** Passed login test  ******************** 
02/05/2022 11:03:13 AM: INFO: ****************** Verifying login test  ******************** 
02/05/2022 11:03:13 AM: INFO: ****************** Test_001_Login ******************** 
02/05/2022 11:03:13 AM: INFO: ****************** Verifying title test  ******************** 
02/05/2022 11:03:15 AM: INFO: ****************** Passed title test ******************** 
02/05/2022 11:03:19 AM: INFO: ****************** Passed login test  ******************** 
02/05/2022 11:04:28 AM: INFO: ****************** Verifying login test  ******************** 
02/05/2022 11:04:29 AM: INFO: ****************** Test_001_Login ******************** 
02/05/2022 11:04:29 AM: INFO: ****************** Verifying title test  ******************** 
02/05/2022 11:04:30 AM: INFO: ****************** Passed title test ******************** 
02/05/2022 11:04:31 AM: INFO: ****************** Passed login test  ******************** 
02/05/2022 11:09:50 AM: INFO: ****************** Test_001_Login ******************** 
02/05/2022 11:09:50 AM: INFO: ****************** Verifying title test  ******************** 
02/05/2022 11:09:50 AM: INFO: ****************** Verifying login test  ******************** 
02/05/2022 11:09:52 AM: INFO: ****************** Passed title test ******************** 
02/05/2022 11:09:54 AM: INFO: ****************** Passed login test  ******************** 
02/05/2022 11:11:08 AM: INFO: ****************** Verifying login test  ******************** 
02/05/2022 11:11:08 AM: INFO: ****************** Test_001_Login ******************** 
02/05/2022 11:11:08 AM: INFO: ****************** Verifying title test  ******************** 
02/05/2022 11:11:10 AM: INFO: ****************** Passed title test ******************** 
02/05/2022 11:11:13 AM: INFO: ****************** Passed login test  ******************** 
02/05/2022 11:15:12 AM: INFO: ****************** Verifying login test  ******************** 
02/05/2022 11:15:12 AM: INFO: ****************** Test_001_Login ******************** 
02/05/2022 11:15:12 AM: INFO: ****************** Verifying title test  ******************** 
02/05/2022 11:15:14 AM: INFO: ****************** Passed title test ******************** 
02/05/2022 11:15:17 AM: INFO: ****************** Passed login test  ******************** 
02/05/2022 11:19:29 AM: INFO: ****************** Test_001_Login ******************** 
02/05/2022 11:19:29 AM: INFO: ****************** Verifying title test  ******************** 
02/05/2022 11:19:29 AM: INFO: ****************** Verifying login test  ******************** 
02/05/2022 11:19:30 AM: INFO: ****************** Passed title test ******************** 
02/05/2022 11:19:32 AM: INFO: ****************** Passed login test  ******************** 
02/05/2022 11:20:27 AM: INFO: ****************** Test_001_Login ******************** 
02/05/2022 11:20:27 AM: INFO: ****************** Verifying title test  ******************** 
02/05/2022 11:20:27 AM: INFO: ****************** Verifying login test  ******************** 
02/05/2022 11:20:28 AM: INFO: ****************** Passed title test ******************** 
02/05/2022 11:20:31 AM: INFO: ****************** Passed login test  ******************** 
02/05/2022 12:07:58 PM: INFO: ****************** Verifying login test  ******************** 
02/05/2022 12:07:58 PM: INFO: ****************** Test_001_Login ******************** 
02/05/2022 12:07:58 PM: INFO: ****************** Verifying title test  ******************** 
02/05/2022 12:08:00 PM: INFO: ****************** Passed title test ******************** 
02/05/2022 12:08:03 PM: INFO: ****************** Passed login test  ******************** 
02/05/2022 12:12:42 PM: INFO: ****************** Verifying login test  ******************** 
02/05/2022 12:12:42 PM: INFO: ****************** Test_001_Login ******************** 
02/05/2022 12:12:42 PM: INFO: ****************** Verifying title test  ******************** 
02/05/2022 12:12:43 PM: INFO: ****************** Passed title test ******************** 
02/05/2022 12:12:46 PM: INFO: ****************** Passed login test  ******************** 
02/05/2022 12:13:40 PM: INFO: ****************** Test_001_Login ******************** 
02/05/2022 12:13:40 PM: INFO: ****************** Verifying title test  ******************** 
02/05/2022 12:13:42 PM: INFO: ****************** Passed title test ******************** 
02/05/2022 12:13:42 PM: INFO: ****************** Verifying login test  ******************** 
02/05/2022 12:13:47 PM: INFO: ****************** Passed login test  ******************** 
02/05/2022 01:05:16 PM: INFO: ****************** Test_002_DDT_Login    ******************** 
02/05/2022 01:05:16 PM: INFO: ****************** Verifying login test  ******************** 
02/05/2022 01:05:46 PM: INFO: ****************** Test_002_DDT_Login    ******************** 
02/05/2022 01:05:46 PM: INFO: ****************** Verifying login test  ******************** 
02/05/2022 01:05:53 PM: INFO: ****************** Passed login test  ******************** 
02/05/2022 01:07:14 PM: INFO: ****************** Test_002_DDT_Login    ******************** 
02/05/2022 01:07:14 PM: INFO: ****************** Verifying login test  ******************** 
02/05/2022 01:07:22 PM: INFO: ****************** Passed login test  ******************** 
02/05/2022 01:08:36 PM: INFO: ****************** Test_002_DDT_Login    ******************** 
02/05/2022 01:08:36 PM: INFO: ****************** Verifying login test  ******************** 
02/05/2022 01:08:44 PM: INFO: ****************** Passed login test  ******************** 
02/05/2022 01:08:48 PM: INFO: **** passed ****
02/05/2022 01:18:48 PM: INFO: ****************** Test_002_DDT_Login    ******************** 
02/05/2022 01:18:48 PM: INFO: ****************** Verifying login test  ******************** 
02/05/2022 01:19:06 PM: INFO: ****************** Test_002_DDT_Login    ******************** 
02/05/2022 01:19:06 PM: INFO: ****************** Verifying login test  ******************** 
02/05/2022 01:19:34 PM: INFO: ****************** Passed login test  ******************** 
02/05/2022 01:19:39 PM: INFO: **** passed ****
02/05/2022 01:20:39 PM: INFO: ****************** Test_002_DDT_Login    ******************** 
02/05/2022 01:20:39 PM: INFO: ****************** Verifying login test  ******************** 
02/05/2022 01:20:46 PM: INFO: ****************** Passed login test  ******************** 
02/05/2022 01:20:50 PM: INFO: **** passed ****
02/05/2022 01:26:42 PM: INFO: ****************** Test_002_DDT_Login    ******************** 
02/05/2022 01:26:42 PM: INFO: ****************** Verifying login test  ******************** 
02/05/2022 01:26:49 PM: INFO: ****************** Passed login test  ******************** 
02/05/2022 01:29:23 PM: INFO: ****************** Test_002_DDT_Login    ******************** 
02/05/2022 01:29:23 PM: INFO: ****************** Verifying login test  ******************** 
02/05/2022 01:32:37 PM: INFO: ****************** Test_002_DDT_Login    ******************** 
02/05/2022 01:32:37 PM: INFO: ****************** Verifying login test  ******************** 
02/05/2022 01:32:43 PM: INFO: ****************** Passed login test  ******************** 
02/05/2022 01:32:48 PM: INFO: **** passed ****
02/05/2022 01:35:19 PM: INFO: ****************** Test_002_DDT_Login    ******************** 
02/05/2022 01:35:19 PM: INFO: ****************** Verifying login test  ******************** 
02/05/2022 01:35:26 PM: INFO: ****************** Passed login test  ******************** 
02/05/2022 01:35:31 PM: INFO: **** passed ****
02/05/2022 01:35:36 PM: INFO: **** passed ****
02/05/2022 01:35:40 PM: INFO: **** passed ****
02/05/2022 01:35:40 PM: INFO: ******* DDT Login test passed **********
02/05/2022 01:35:40 PM: INFO: ******* End of Login DDT Test **********
02/05/2022 01:35:40 PM: INFO: **************** Completed  TC_LoginDDT_002 ************* 
02/05/2022 01:36:42 PM: INFO: ****************** Test_002_DDT_Login    ******************** 
02/05/2022 01:36:42 PM: INFO: ****************** Verifying login test  ******************** 
02/05/2022 01:36:50 PM: INFO: ****************** Passed login test  ******************** 
02/05/2022 01:36:55 PM: INFO: **** passed ****
02/05/2022 01:37:00 PM: INFO: **** passed ****
02/05/2022 01:37:05 PM: INFO: **** passed ****
02/05/2022 01:37:05 PM: INFO: ******* DDT Login test passed **********
02/05/2022 01:37:05 PM: INFO: ******* End of Login DDT Test **********
02/05/2022 01:37:05 PM: INFO: **************** Completed  TC_LoginDDT_002 ************* 
02/05/2022 01:41:44 PM: INFO: ****************** Test_002_DDT_Login    ******************** 
02/05/2022 01:41:44 PM: INFO: ****************** Verifying login test  ******************** 
02/05/2022 01:41:52 PM: INFO: ****************** Passed login test  ******************** 
02/05/2022 01:41:57 PM: INFO: **** passed ****
02/05/2022 01:42:01 PM: INFO: **** passed ****
02/05/2022 01:42:06 PM: INFO: **** passed ****
02/05/2022 01:42:06 PM: INFO: ******* DDT Login test passed **********
02/05/2022 01:42:06 PM: INFO: ******* End of Login DDT Test **********
02/05/2022 01:42:06 PM: INFO: **************** Completed  TC_LoginDDT_002 ************* 
02/05/2022 01:45:57 PM: INFO: ****************** Test_002_DDT_Login    ******************** 
02/05/2022 01:45:57 PM: INFO: ****************** Verifying login test  ******************** 
02/05/2022 01:46:05 PM: INFO: ****************** Passed login test  ******************** 
02/05/2022 01:46:10 PM: INFO: **** passed ****
02/05/2022 01:46:15 PM: INFO: **** passed ****
02/05/2022 01:46:19 PM: INFO: **** passed ****
02/05/2022 01:46:19 PM: INFO: ******* DDT Login test passed **********
02/05/2022 01:46:20 PM: INFO: ******* End of Login DDT Test **********
02/05/2022 01:46:20 PM: INFO: **************** Completed  TC_LoginDDT_002 ************* 
02/05/2022 01:56:35 PM: INFO: ****************** Test_002_DDT_Login    ******************** 
02/05/2022 01:56:35 PM: INFO: ****************** Verifying login test  ******************** 
02/05/2022 01:56:42 PM: INFO: ****************** Passed login test  ******************** 
02/05/2022 01:56:47 PM: INFO: **** passed ****
02/05/2022 01:56:52 PM: INFO: **** passed ****
02/05/2022 01:56:57 PM: INFO: **** passed ****
02/05/2022 01:56:57 PM: INFO: ******* DDT Login test passed **********
02/05/2022 01:56:57 PM: INFO: ******* End of Login DDT Test **********
02/05/2022 01:56:57 PM: INFO: **************** Completed  TC_LoginDDT_002 ************* 
02/05/2022 03:02:40 PM: INFO: ****************** Test_002_DDT_Login    ******************** 
02/05/2022 03:02:40 PM: INFO: ****************** Verifying login test  ******************** 
02/05/2022 03:02:47 PM: INFO: ****************** Passed login test  ******************** 
02/05/2022 03:02:53 PM: INFO: **** passed ****
02/05/2022 03:02:57 PM: INFO: **** passed ****
02/05/2022 03:03:02 PM: INFO: **** passed ****
02/05/2022 03:03:02 PM: INFO: ******* DDT Login test passed **********
02/05/2022 03:03:02 PM: INFO: ******* End of Login DDT Test **********
02/05/2022 03:03:02 PM: INFO: **************** Completed  TC_LoginDDT_002 ************* 
02/05/2022 03:20:28 PM: INFO: ****************** Verifying login test  ******************** 
02/05/2022 03:20:33 PM: INFO: ****************** Passed login test  ******************** 
02/05/2022 03:20:51 PM: INFO: ****************** Verifying login test  ******************** 
02/05/2022 03:20:56 PM: INFO: ****************** Passed login test  ******************** 
02/05/2022 03:21:54 PM: INFO: ****************** Test_001_Login ******************** 
02/05/2022 03:21:54 PM: INFO: ****************** Verifying title test  ******************** 
02/05/2022 03:21:56 PM: INFO: ****************** Passed title test ******************** 
02/05/2022 03:21:57 PM: INFO: ****************** Verifying login test  ******************** 
02/05/2022 03:22:01 PM: INFO: ****************** Passed login test  ******************** 
02/05/2022 03:22:49 PM: INFO: ****************** Verifying login test  ******************** 
02/05/2022 03:22:53 PM: INFO: ****************** Passed login test  ******************** 
02/05/2022 03:29:11 PM: INFO: ****************** Test_001_Login ******************** 
02/05/2022 03:29:11 PM: INFO: ****************** Verifying title test  ******************** 
02/05/2022 03:29:12 PM: INFO: ****************** Passed title test ******************** 
02/05/2022 03:29:13 PM: INFO: ****************** Verifying login test  ******************** 
02/05/2022 03:29:18 PM: INFO: ****************** Passed login test  ******************** 
